<?xml version="1.0" encoding="UTF-8"?>
<TestRun id="7e323b9c-67e9-4961-a50b-9356cf1b62ac" name="asatou wagne@DANIEL 2012-02-27 23:09:41" runUser="DANIEL\asatou wagne" xmlns="http://microsoft.com/schemas/VisualStudio/TeamTest/2010">
  <TestSettings name="Local" id="8f782d86-50d5-4c23-97e7-f5838657182f">
    <Description>These are default test settings for a local test run.</Description>
    <Deployment enabled="false" runDeploymentRoot="asatou wagne_DANIEL 2012-02-27 23_09_41">
      <DeploymentItem filename="C:\Users\asatou wagne\Team18\Team18\WindowsGame1\WindowsGame1\WindowsGame1\bin\x86\Debug\WindowsGame1.exe" />
    </Deployment>
    <Execution>
      <TestTypeSpecific />
      <AgentRule name="Execution Agents">
      </AgentRule>
    </Execution>
  </TestSettings>
  <Times creation="2012-02-27T23:09:41.6446424-06:00" queuing="2012-02-27T23:09:41.6676437-06:00" start="2012-02-27T23:09:41.7546487-06:00" finish="2012-02-27T23:09:42.4006857-06:00" />
  <ResultSummary outcome="Failed">
    <Counters total="8" executed="8" passed="1" error="0" failed="5" timeout="0" aborted="0" inconclusive="2" passedButRunAborted="0" notRunnable="0" notExecuted="0" disconnected="0" warning="0" completed="0" inProgress="0" pending="0" />
  </ResultSummary>
  <TestDefinitions>
    <UnitTest name="TestPlay" storage="c:\users\asatou wagne\team18\team18\windowsgame1\testproject1\bin\debug\testproject1.dll" id="160abda5-5823-8eb7-c2b9-6be23a26d358">
      <Execution id="110d102a-bc95-467b-b25a-b57a2ebf2715" />
      <TestMethod codeBase="C:/Users/asatou wagne/Team18/Team18/WindowsGame1/TestProject1/bin/Debug/TestProject1.DLL" adapterTypeName="Microsoft.VisualStudio.TestTools.TestTypes.Unit.UnitTestAdapter, Microsoft.VisualStudio.QualityTools.Tips.UnitTest.Adapter, Version=10.0.0.0, Culture=neutral, PublicKeyToken=b03f5f7f11d50a3a" className="WindowsGame1.ButtonTest, TestProject1, Version=1.0.0.0, Culture=neutral, PublicKeyToken=null" name="TestPlay" />
    </UnitTest>
    <UnitTest name="DrawTest" storage="c:\users\asatou wagne\team18\team18\windowsgame1\testproject1\bin\debug\testproject1.dll" id="a3a98f54-c32c-46a8-fe63-010bfbf84c0d">
      <Execution id="2086ae7c-268c-40f1-9a37-0c9081654b33" />
      <TestMethod codeBase="C:/Users/asatou wagne/Team18/Team18/WindowsGame1/TestProject1/bin/Debug/TestProject1.DLL" adapterTypeName="Microsoft.VisualStudio.TestTools.TestTypes.Unit.UnitTestAdapter, Microsoft.VisualStudio.QualityTools.Tips.UnitTest.Adapter, Version=10.0.0.0, Culture=neutral, PublicKeyToken=b03f5f7f11d50a3a" className="TestProject1.SpriteTest, TestProject1, Version=1.0.0.0, Culture=neutral, PublicKeyToken=null" name="DrawTest" />
    </UnitTest>
    <UnitTest name="ScaleTest" storage="c:\users\asatou wagne\team18\team18\windowsgame1\testproject1\bin\debug\testproject1.dll" id="6db6a230-86db-58d1-25ff-b0299bdaf50e">
      <Execution id="a1536089-8ddf-422b-9a18-b76864c90fc4" />
      <TestMethod codeBase="C:/Users/asatou wagne/Team18/Team18/WindowsGame1/TestProject1/bin/Debug/TestProject1.DLL" adapterTypeName="Microsoft.VisualStudio.TestTools.TestTypes.Unit.UnitTestAdapter, Microsoft.VisualStudio.QualityTools.Tips.UnitTest.Adapter, Version=10.0.0.0, Culture=neutral, PublicKeyToken=b03f5f7f11d50a3a" className="TestProject1.SpriteTest, TestProject1, Version=1.0.0.0, Culture=neutral, PublicKeyToken=null" name="ScaleTest" />
    </UnitTest>
    <UnitTest name="UpdateTest1" storage="c:\users\asatou wagne\team18\team18\windowsgame1\testproject1\bin\debug\testproject1.dll" id="c28a5beb-6866-418f-e106-1ab8c1ad2233">
      <Execution id="b7b88ce8-e3f0-454a-85a0-903a5f057372" />
      <TestMethod codeBase="C:/Users/asatou wagne/Team18/Team18/WindowsGame1/TestProject1/bin/Debug/TestProject1.DLL" adapterTypeName="Microsoft.VisualStudio.TestTools.TestTypes.Unit.UnitTestAdapter, Microsoft.VisualStudio.QualityTools.Tips.UnitTest.Adapter, Version=10.0.0.0, Culture=neutral, PublicKeyToken=b03f5f7f11d50a3a" className="TestProject1.SpriteTest, TestProject1, Version=1.0.0.0, Culture=neutral, PublicKeyToken=null" name="UpdateTest1" />
    </UnitTest>
    <UnitTest name="SpriteConstructorTest" storage="c:\users\asatou wagne\team18\team18\windowsgame1\testproject1\bin\debug\testproject1.dll" id="ede66986-9f00-6c84-2a2c-4bcd1205cc54">
      <Execution id="9cdd1f15-b09f-466d-b0d3-2415f0f2b567" />
      <TestMethod codeBase="C:/Users/asatou wagne/Team18/Team18/WindowsGame1/TestProject1/bin/Debug/TestProject1.DLL" adapterTypeName="Microsoft.VisualStudio.TestTools.TestTypes.Unit.UnitTestAdapter, Microsoft.VisualStudio.QualityTools.Tips.UnitTest.Adapter, Version=10.0.0.0, Culture=neutral, PublicKeyToken=b03f5f7f11d50a3a" className="TestProject1.SpriteTest, TestProject1, Version=1.0.0.0, Culture=neutral, PublicKeyToken=null" name="SpriteConstructorTest" />
    </UnitTest>
    <UnitTest name="LoadContentTest" storage="c:\users\asatou wagne\team18\team18\windowsgame1\testproject1\bin\debug\testproject1.dll" id="ad7d9037-7d6d-bb37-b6b5-3c811f22160d">
      <Execution id="e4a67d16-72b2-46b5-8164-50fbdd9c1cd4" />
      <TestMethod codeBase="C:/Users/asatou wagne/Team18/Team18/WindowsGame1/TestProject1/bin/Debug/TestProject1.DLL" adapterTypeName="Microsoft.VisualStudio.TestTools.TestTypes.Unit.UnitTestAdapter, Microsoft.VisualStudio.QualityTools.Tips.UnitTest.Adapter, Version=10.0.0.0, Culture=neutral, PublicKeyToken=b03f5f7f11d50a3a" className="TestProject1.SpriteTest, TestProject1, Version=1.0.0.0, Culture=neutral, PublicKeyToken=null" name="LoadContentTest" />
    </UnitTest>
    <UnitTest name="UpdateTest" storage="c:\users\asatou wagne\team18\team18\windowsgame1\testproject1\bin\debug\testproject1.dll" id="c19f6492-facf-a78f-c74f-23ef0801c973">
      <Execution id="66e54973-564a-4229-9c3e-8377f8acefd6" />
      <TestMethod codeBase="C:/Users/asatou wagne/Team18/Team18/WindowsGame1/TestProject1/bin/Debug/TestProject1.DLL" adapterTypeName="Microsoft.VisualStudio.TestTools.TestTypes.Unit.UnitTestAdapter, Microsoft.VisualStudio.QualityTools.Tips.UnitTest.Adapter, Version=10.0.0.0, Culture=neutral, PublicKeyToken=b03f5f7f11d50a3a" className="TestProject1.SpriteTest, TestProject1, Version=1.0.0.0, Culture=neutral, PublicKeyToken=null" name="UpdateTest" />
    </UnitTest>
    <UnitTest name="updatePosTest" storage="c:\users\asatou wagne\team18\team18\windowsgame1\testproject1\bin\debug\testproject1.dll" id="9c9d7cd7-3b69-f943-f4fd-f6874a165428">
      <Execution id="ecd0ad52-9cc7-4c68-83db-6a1ebdf3cfef" />
      <TestMethod codeBase="C:/Users/asatou wagne/Team18/Team18/WindowsGame1/TestProject1/bin/Debug/TestProject1.DLL" adapterTypeName="Microsoft.VisualStudio.TestTools.TestTypes.Unit.UnitTestAdapter, Microsoft.VisualStudio.QualityTools.Tips.UnitTest.Adapter, Version=10.0.0.0, Culture=neutral, PublicKeyToken=b03f5f7f11d50a3a" className="TestProject1.SpriteTest, TestProject1, Version=1.0.0.0, Culture=neutral, PublicKeyToken=null" name="updatePosTest" />
    </UnitTest>
  </TestDefinitions>
  <TestLists>
    <TestList name="Results Not in a List" id="8c84fa94-04c1-424b-9868-57a2d4851a1d" />
    <TestList name="All Loaded Results" id="19431567-8539-422a-85d7-44ee4e166bda" />
  </TestLists>
  <TestEntries>
    <TestEntry testId="160abda5-5823-8eb7-c2b9-6be23a26d358" executionId="110d102a-bc95-467b-b25a-b57a2ebf2715" testListId="8c84fa94-04c1-424b-9868-57a2d4851a1d" />
    <TestEntry testId="6db6a230-86db-58d1-25ff-b0299bdaf50e" executionId="a1536089-8ddf-422b-9a18-b76864c90fc4" testListId="8c84fa94-04c1-424b-9868-57a2d4851a1d" />
    <TestEntry testId="9c9d7cd7-3b69-f943-f4fd-f6874a165428" executionId="ecd0ad52-9cc7-4c68-83db-6a1ebdf3cfef" testListId="8c84fa94-04c1-424b-9868-57a2d4851a1d" />
    <TestEntry testId="a3a98f54-c32c-46a8-fe63-010bfbf84c0d" executionId="2086ae7c-268c-40f1-9a37-0c9081654b33" testListId="8c84fa94-04c1-424b-9868-57a2d4851a1d" />
    <TestEntry testId="ad7d9037-7d6d-bb37-b6b5-3c811f22160d" executionId="e4a67d16-72b2-46b5-8164-50fbdd9c1cd4" testListId="8c84fa94-04c1-424b-9868-57a2d4851a1d" />
    <TestEntry testId="c19f6492-facf-a78f-c74f-23ef0801c973" executionId="66e54973-564a-4229-9c3e-8377f8acefd6" testListId="8c84fa94-04c1-424b-9868-57a2d4851a1d" />
    <TestEntry testId="c28a5beb-6866-418f-e106-1ab8c1ad2233" executionId="b7b88ce8-e3f0-454a-85a0-903a5f057372" testListId="8c84fa94-04c1-424b-9868-57a2d4851a1d" />
    <TestEntry testId="ede66986-9f00-6c84-2a2c-4bcd1205cc54" executionId="9cdd1f15-b09f-466d-b0d3-2415f0f2b567" testListId="8c84fa94-04c1-424b-9868-57a2d4851a1d" />
  </TestEntries>
  <Results>
    <UnitTestResult executionId="110d102a-bc95-467b-b25a-b57a2ebf2715" testId="160abda5-5823-8eb7-c2b9-6be23a26d358" testName="TestPlay" computerName="DANIEL" duration="00:00:00.0228138" startTime="2012-02-27T23:09:41.7816502-06:00" endTime="2012-02-27T23:09:42.1386707-06:00" testType="13cdc9d9-ddb5-4fa4-a97d-d965ccfc6d4b" outcome="Passed" testListId="8c84fa94-04c1-424b-9868-57a2d4851a1d" relativeResultsDirectory="110d102a-bc95-467b-b25a-b57a2ebf2715">
    </UnitTestResult>
    <UnitTestResult executionId="a1536089-8ddf-422b-9a18-b76864c90fc4" testId="6db6a230-86db-58d1-25ff-b0299bdaf50e" testName="ScaleTest" computerName="DANIEL" duration="00:00:00.0296947" startTime="2012-02-27T23:09:42.1486712-06:00" endTime="2012-02-27T23:09:42.1916737-06:00" testType="13cdc9d9-ddb5-4fa4-a97d-d965ccfc6d4b" outcome="Failed" testListId="8c84fa94-04c1-424b-9868-57a2d4851a1d" relativeResultsDirectory="a1536089-8ddf-422b-9a18-b76864c90fc4">
      <Output>
        <ErrorInfo>
          <Message>Test method TestProject1.SpriteTest.ScaleTest threw exception: 
System.NullReferenceException: Object reference not set to an instance of an object.</Message>
          <StackTrace>    at WindowsGame1.Sprite.set_Scale(Single value) in C:\Users\asatou wagne\Team18\Team18\WindowsGame1\WindowsGame1\WindowsGame1\Sprite.cs:line 40
   at TestProject1.SpriteTest.ScaleTest() in C:\Users\asatou wagne\Team18\Team18\WindowsGame1\TestProject1\SpriteTest.cs:line 152
</StackTrace>
        </ErrorInfo>
      </Output>
    </UnitTestResult>
    <UnitTestResult executionId="ecd0ad52-9cc7-4c68-83db-6a1ebdf3cfef" testId="9c9d7cd7-3b69-f943-f4fd-f6874a165428" testName="updatePosTest" computerName="DANIEL" duration="00:00:00.0023693" startTime="2012-02-27T23:09:42.2136750-06:00" endTime="2012-02-27T23:09:42.2326760-06:00" testType="13cdc9d9-ddb5-4fa4-a97d-d965ccfc6d4b" outcome="Inconclusive" testListId="8c84fa94-04c1-424b-9868-57a2d4851a1d" relativeResultsDirectory="ecd0ad52-9cc7-4c68-83db-6a1ebdf3cfef">
      <Output>
        <ErrorInfo>
          <Message>Assert.Inconclusive failed. A method that does not return a value cannot be verified.</Message>
          <StackTrace>   at TestProject1.SpriteTest.updatePosTest() in C:\Users\asatou wagne\Team18\Team18\WindowsGame1\TestProject1\SpriteTest.cs:line 140
</StackTrace>
        </ErrorInfo>
      </Output>
    </UnitTestResult>
    <UnitTestResult executionId="2086ae7c-268c-40f1-9a37-0c9081654b33" testId="a3a98f54-c32c-46a8-fe63-010bfbf84c0d" testName="DrawTest" computerName="DANIEL" duration="00:00:00.0032585" startTime="2012-02-27T23:09:42.2456768-06:00" endTime="2012-02-27T23:09:42.2656779-06:00" testType="13cdc9d9-ddb5-4fa4-a97d-d965ccfc6d4b" outcome="Failed" testListId="8c84fa94-04c1-424b-9868-57a2d4851a1d" relativeResultsDirectory="2086ae7c-268c-40f1-9a37-0c9081654b33">
      <Output>
        <ErrorInfo>
          <Message>Test method TestProject1.SpriteTest.DrawTest threw exception: 
System.NullReferenceException: Object reference not set to an instance of an object.</Message>
          <StackTrace>    at WindowsGame1.Sprite.Draw(SpriteBatch theSpriteBatch) in C:\Users\asatou wagne\Team18\Team18\WindowsGame1\WindowsGame1\WindowsGame1\Sprite.cs:line 61
   at TestProject1.SpriteTest.DrawTest() in C:\Users\asatou wagne\Team18\Team18\WindowsGame1\TestProject1\SpriteTest.cs:line 88
</StackTrace>
        </ErrorInfo>
      </Output>
    </UnitTestResult>
    <UnitTestResult executionId="e4a67d16-72b2-46b5-8164-50fbdd9c1cd4" testId="ad7d9037-7d6d-bb37-b6b5-3c811f22160d" testName="LoadContentTest" computerName="DANIEL" duration="00:00:00.0039644" startTime="2012-02-27T23:09:42.2706782-06:00" endTime="2012-02-27T23:09:42.2876792-06:00" testType="13cdc9d9-ddb5-4fa4-a97d-d965ccfc6d4b" outcome="Failed" testListId="8c84fa94-04c1-424b-9868-57a2d4851a1d" relativeResultsDirectory="e4a67d16-72b2-46b5-8164-50fbdd9c1cd4">
      <Output>
        <ErrorInfo>
          <Message>Test method TestProject1.SpriteTest.LoadContentTest threw exception: 
System.NullReferenceException: Object reference not set to an instance of an object.</Message>
          <StackTrace>    at WindowsGame1.Sprite.LoadContent(ContentManager theContentManager, String theAssetName) in C:\Users\asatou wagne\Team18\Team18\WindowsGame1\WindowsGame1\WindowsGame1\Sprite.cs:line 47
   at TestProject1.SpriteTest.LoadContentTest() in C:\Users\asatou wagne\Team18\Team18\WindowsGame1\TestProject1\SpriteTest.cs:line 101
</StackTrace>
        </ErrorInfo>
      </Output>
    </UnitTestResult>
    <UnitTestResult executionId="66e54973-564a-4229-9c3e-8377f8acefd6" testId="c19f6492-facf-a78f-c74f-23ef0801c973" testName="UpdateTest" computerName="DANIEL" duration="00:00:00.0069732" startTime="2012-02-27T23:09:42.2906794-06:00" endTime="2012-02-27T23:09:42.3176809-06:00" testType="13cdc9d9-ddb5-4fa4-a97d-d965ccfc6d4b" outcome="Failed" testListId="8c84fa94-04c1-424b-9868-57a2d4851a1d" relativeResultsDirectory="66e54973-564a-4229-9c3e-8377f8acefd6">
      <Output>
        <ErrorInfo>
          <Message>Test method TestProject1.SpriteTest.UpdateTest threw exception: 
System.NotImplementedException: The method or operation is not implemented.</Message>
          <StackTrace>    at WindowsGame1.Sprite.Update(GameTime gameTime) in C:\Users\asatou wagne\Team18\Team18\WindowsGame1\WindowsGame1\WindowsGame1\Sprite.cs:line 72
   at TestProject1.SpriteTest.UpdateTest() in C:\Users\asatou wagne\Team18\Team18\WindowsGame1\TestProject1\SpriteTest.cs:line 113
</StackTrace>
        </ErrorInfo>
      </Output>
    </UnitTestResult>
    <UnitTestResult executionId="b7b88ce8-e3f0-454a-85a0-903a5f057372" testId="c28a5beb-6866-418f-e106-1ab8c1ad2233" testName="UpdateTest1" computerName="DANIEL" duration="00:00:00.0040744" startTime="2012-02-27T23:09:42.3266814-06:00" endTime="2012-02-27T23:09:42.3526829-06:00" testType="13cdc9d9-ddb5-4fa4-a97d-d965ccfc6d4b" outcome="Failed" testListId="8c84fa94-04c1-424b-9868-57a2d4851a1d" relativeResultsDirectory="b7b88ce8-e3f0-454a-85a0-903a5f057372">
      <Output>
        <ErrorInfo>
          <Message>Test method TestProject1.SpriteTest.UpdateTest1 threw exception: 
System.NullReferenceException: Object reference not set to an instance of an object.</Message>
          <StackTrace>    at WindowsGame1.Sprite.Update(GameTime theGameTime, Vector2 theSpeed, Vector2 theDirection) in C:\Users\asatou wagne\Team18\Team18\WindowsGame1\WindowsGame1\WindowsGame1\Sprite.cs:line 55
   at TestProject1.SpriteTest.UpdateTest1() in C:\Users\asatou wagne\Team18\Team18\WindowsGame1\TestProject1\SpriteTest.cs:line 127
</StackTrace>
        </ErrorInfo>
      </Output>
    </UnitTestResult>
    <UnitTestResult executionId="9cdd1f15-b09f-466d-b0d3-2415f0f2b567" testId="ede66986-9f00-6c84-2a2c-4bcd1205cc54" testName="SpriteConstructorTest" computerName="DANIEL" duration="00:00:00.0009928" startTime="2012-02-27T23:09:42.3576832-06:00" endTime="2012-02-27T23:09:42.3746842-06:00" testType="13cdc9d9-ddb5-4fa4-a97d-d965ccfc6d4b" outcome="Inconclusive" testListId="8c84fa94-04c1-424b-9868-57a2d4851a1d" relativeResultsDirectory="9cdd1f15-b09f-466d-b0d3-2415f0f2b567">
      <Output>
        <ErrorInfo>
          <Message>Assert.Inconclusive failed. TODO: Implement code to verify target</Message>
          <StackTrace>   at TestProject1.SpriteTest.SpriteConstructorTest() in C:\Users\asatou wagne\Team18\Team18\WindowsGame1\TestProject1\SpriteTest.cs:line 77
</StackTrace>
        </ErrorInfo>
      </Output>
    </UnitTestResult>
  </Results>
</TestRun>