<?xml version="1.0" encoding="UTF-8"?>
<TestRun id="8ad6b58e-1f98-49d8-a045-ee5b592a4dc9" name="asatou wagne@DANIEL 2012-02-28 15:00:52" runUser="DANIEL\asatou wagne" xmlns="http://microsoft.com/schemas/VisualStudio/TeamTest/2010">
  <TestSettings name="Local" id="8f782d86-50d5-4c23-97e7-f5838657182f">
    <Description>These are default test settings for a local test run.</Description>
    <Deployment enabled="false" runDeploymentRoot="asatou wagne_DANIEL 2012-02-28 15_00_52">
      <DeploymentItem filename="C:\Users\asatou wagne\Team18\Team18\WindowsGame1\WindowsGame1\WindowsGame1\bin\x86\Debug\WindowsGame1.exe" />
    </Deployment>
    <Execution>
      <TestTypeSpecific />
      <AgentRule name="Execution Agents">
      </AgentRule>
    </Execution>
  </TestSettings>
  <Times creation="2012-02-28T15:00:52.5369808-06:00" queuing="2012-02-28T15:00:52.5669825-06:00" start="2012-02-28T15:00:52.6119851-06:00" finish="2012-02-28T15:00:53.0650110-06:00" />
  <ResultSummary outcome="Failed">
    <Counters total="1" executed="1" error="0" failed="1" timeout="0" aborted="0" inconclusive="0" passedButRunAborted="0" notRunnable="0" notExecuted="0" disconnected="0" warning="0" passed="0" completed="0" inProgress="0" pending="0" />
  </ResultSummary>
  <TestDefinitions>
    <UnitTest name="TestExit" storage="c:\users\asatou wagne\team18\team18\windowsgame1\testproject1\bin\debug\testproject1.dll" id="969bb499-574b-8e4f-11de-83ca9f95b5ea">
      <Execution id="e78a30a3-030b-4363-80da-dde9b7663e3c" />
      <TestMethod codeBase="C:/Users/asatou wagne/Team18/Team18/WindowsGame1/TestProject1/bin/Debug/TestProject1.DLL" adapterTypeName="Microsoft.VisualStudio.TestTools.TestTypes.Unit.UnitTestAdapter, Microsoft.VisualStudio.QualityTools.Tips.UnitTest.Adapter, Version=10.0.0.0, Culture=neutral, PublicKeyToken=b03f5f7f11d50a3a" className="WindowsGame1.ButtonTest, TestProject1, Version=1.0.0.0, Culture=neutral, PublicKeyToken=null" name="TestExit" />
    </UnitTest>
  </TestDefinitions>
  <TestLists>
    <TestList name="Results Not in a List" id="8c84fa94-04c1-424b-9868-57a2d4851a1d" />
    <TestList name="All Loaded Results" id="19431567-8539-422a-85d7-44ee4e166bda" />
  </TestLists>
  <TestEntries>
    <TestEntry testId="969bb499-574b-8e4f-11de-83ca9f95b5ea" executionId="e78a30a3-030b-4363-80da-dde9b7663e3c" testListId="8c84fa94-04c1-424b-9868-57a2d4851a1d" />
  </TestEntries>
  <Results>
    <UnitTestResult executionId="e78a30a3-030b-4363-80da-dde9b7663e3c" testId="969bb499-574b-8e4f-11de-83ca9f95b5ea" testName="TestExit" computerName="DANIEL" duration="00:00:00.0463062" startTime="2012-02-28T15:00:52.6309861-06:00" endTime="2012-02-28T15:00:53.0260087-06:00" testType="13cdc9d9-ddb5-4fa4-a97d-d965ccfc6d4b" outcome="Failed" testListId="8c84fa94-04c1-424b-9868-57a2d4851a1d" relativeResultsDirectory="e78a30a3-030b-4363-80da-dde9b7663e3c">
      <Output>
        <ErrorInfo>
          <Message>Assert.AreSame failed. </Message>
          <StackTrace>   at WindowsGame1.ButtonTest.TestExit() in C:\Users\asatou wagne\Team18\Team18\WindowsGame1\TestProject1\ButtonTest.cs:line 32
</StackTrace>
        </ErrorInfo>
      </Output>
    </UnitTestResult>
  </Results>
</TestRun>