<?xml version="1.0" encoding="UTF-8"?>
<TestRun id="7b4289c1-1987-4736-a966-67d1337016ad" name="asatou wagne@DANIEL 2012-02-28 15:04:47" runUser="DANIEL\asatou wagne" xmlns="http://microsoft.com/schemas/VisualStudio/TeamTest/2010">
  <TestSettings name="Local" id="8f782d86-50d5-4c23-97e7-f5838657182f">
    <Description>These are default test settings for a local test run.</Description>
    <Deployment enabled="false" runDeploymentRoot="asatou wagne_DANIEL 2012-02-28 15_04_47">
      <DeploymentItem filename="C:\Users\asatou wagne\Team18\Team18\WindowsGame1\WindowsGame1\WindowsGame1\bin\x86\Debug\WindowsGame1.exe" />
    </Deployment>
    <Execution>
      <TestTypeSpecific />
      <AgentRule name="Execution Agents">
      </AgentRule>
    </Execution>
  </TestSettings>
  <Times creation="2012-02-28T15:04:47.3654122-06:00" queuing="2012-02-28T15:04:47.4254156-06:00" start="2012-02-28T15:04:47.4464168-06:00" finish="2012-02-28T15:04:48.1204554-06:00" />
  <ResultSummary outcome="Failed">
    <Counters total="9" executed="9" passed="2" error="0" failed="5" timeout="0" aborted="0" inconclusive="2" passedButRunAborted="0" notRunnable="0" notExecuted="0" disconnected="0" warning="0" completed="0" inProgress="0" pending="0" />
  </ResultSummary>
  <TestDefinitions>
    <UnitTest name="TestPlay" storage="c:\users\asatou wagne\team18\team18\windowsgame1\testproject1\bin\debug\testproject1.dll" id="160abda5-5823-8eb7-c2b9-6be23a26d358">
      <Execution id="f59f090a-76f5-47dd-a454-5b65c408891f" />
      <TestMethod codeBase="C:/Users/asatou wagne/Team18/Team18/WindowsGame1/TestProject1/bin/Debug/TestProject1.DLL" adapterTypeName="Microsoft.VisualStudio.TestTools.TestTypes.Unit.UnitTestAdapter, Microsoft.VisualStudio.QualityTools.Tips.UnitTest.Adapter, Version=10.0.0.0, Culture=neutral, PublicKeyToken=b03f5f7f11d50a3a" className="WindowsGame1.ButtonTest, TestProject1, Version=1.0.0.0, Culture=neutral, PublicKeyToken=null" name="TestPlay" />
    </UnitTest>
    <UnitTest name="UpdateTest" storage="c:\users\asatou wagne\team18\team18\windowsgame1\testproject1\bin\debug\testproject1.dll" id="c19f6492-facf-a78f-c74f-23ef0801c973">
      <Execution id="5df5e2c7-abf1-42f1-93ce-d603a81285b4" />
      <TestMethod codeBase="C:/Users/asatou wagne/Team18/Team18/WindowsGame1/TestProject1/bin/Debug/TestProject1.DLL" adapterTypeName="Microsoft.VisualStudio.TestTools.TestTypes.Unit.UnitTestAdapter, Microsoft.VisualStudio.QualityTools.Tips.UnitTest.Adapter, Version=10.0.0.0, Culture=neutral, PublicKeyToken=b03f5f7f11d50a3a" className="TestProject1.SpriteTest, TestProject1, Version=1.0.0.0, Culture=neutral, PublicKeyToken=null" name="UpdateTest" />
    </UnitTest>
    <UnitTest name="DrawTest" storage="c:\users\asatou wagne\team18\team18\windowsgame1\testproject1\bin\debug\testproject1.dll" id="a3a98f54-c32c-46a8-fe63-010bfbf84c0d">
      <Execution id="5f394b47-c5b8-4604-842d-f0818d97556f" />
      <TestMethod codeBase="C:/Users/asatou wagne/Team18/Team18/WindowsGame1/TestProject1/bin/Debug/TestProject1.DLL" adapterTypeName="Microsoft.VisualStudio.TestTools.TestTypes.Unit.UnitTestAdapter, Microsoft.VisualStudio.QualityTools.Tips.UnitTest.Adapter, Version=10.0.0.0, Culture=neutral, PublicKeyToken=b03f5f7f11d50a3a" className="TestProject1.SpriteTest, TestProject1, Version=1.0.0.0, Culture=neutral, PublicKeyToken=null" name="DrawTest" />
    </UnitTest>
    <UnitTest name="ScaleTest" storage="c:\users\asatou wagne\team18\team18\windowsgame1\testproject1\bin\debug\testproject1.dll" id="6db6a230-86db-58d1-25ff-b0299bdaf50e">
      <Execution id="18118a63-45f1-4a02-9c1e-b655a201e362" />
      <TestMethod codeBase="C:/Users/asatou wagne/Team18/Team18/WindowsGame1/TestProject1/bin/Debug/TestProject1.DLL" adapterTypeName="Microsoft.VisualStudio.TestTools.TestTypes.Unit.UnitTestAdapter, Microsoft.VisualStudio.QualityTools.Tips.UnitTest.Adapter, Version=10.0.0.0, Culture=neutral, PublicKeyToken=b03f5f7f11d50a3a" className="TestProject1.SpriteTest, TestProject1, Version=1.0.0.0, Culture=neutral, PublicKeyToken=null" name="ScaleTest" />
    </UnitTest>
    <UnitTest name="UpdateTest1" storage="c:\users\asatou wagne\team18\team18\windowsgame1\testproject1\bin\debug\testproject1.dll" id="c28a5beb-6866-418f-e106-1ab8c1ad2233">
      <Execution id="822ab624-9caa-4f22-b17b-1b670aef4adb" />
      <TestMethod codeBase="C:/Users/asatou wagne/Team18/Team18/WindowsGame1/TestProject1/bin/Debug/TestProject1.DLL" adapterTypeName="Microsoft.VisualStudio.TestTools.TestTypes.Unit.UnitTestAdapter, Microsoft.VisualStudio.QualityTools.Tips.UnitTest.Adapter, Version=10.0.0.0, Culture=neutral, PublicKeyToken=b03f5f7f11d50a3a" className="TestProject1.SpriteTest, TestProject1, Version=1.0.0.0, Culture=neutral, PublicKeyToken=null" name="UpdateTest1" />
    </UnitTest>
    <UnitTest name="SpriteConstructorTest" storage="c:\users\asatou wagne\team18\team18\windowsgame1\testproject1\bin\debug\testproject1.dll" id="ede66986-9f00-6c84-2a2c-4bcd1205cc54">
      <Execution id="cd107f13-6006-4b9f-af96-652cfbbcbd37" />
      <TestMethod codeBase="C:/Users/asatou wagne/Team18/Team18/WindowsGame1/TestProject1/bin/Debug/TestProject1.DLL" adapterTypeName="Microsoft.VisualStudio.TestTools.TestTypes.Unit.UnitTestAdapter, Microsoft.VisualStudio.QualityTools.Tips.UnitTest.Adapter, Version=10.0.0.0, Culture=neutral, PublicKeyToken=b03f5f7f11d50a3a" className="TestProject1.SpriteTest, TestProject1, Version=1.0.0.0, Culture=neutral, PublicKeyToken=null" name="SpriteConstructorTest" />
    </UnitTest>
    <UnitTest name="LoadContentTest" storage="c:\users\asatou wagne\team18\team18\windowsgame1\testproject1\bin\debug\testproject1.dll" id="ad7d9037-7d6d-bb37-b6b5-3c811f22160d">
      <Execution id="9b834929-dfe4-4af7-a6b5-063b272f81ec" />
      <TestMethod codeBase="C:/Users/asatou wagne/Team18/Team18/WindowsGame1/TestProject1/bin/Debug/TestProject1.DLL" adapterTypeName="Microsoft.VisualStudio.TestTools.TestTypes.Unit.UnitTestAdapter, Microsoft.VisualStudio.QualityTools.Tips.UnitTest.Adapter, Version=10.0.0.0, Culture=neutral, PublicKeyToken=b03f5f7f11d50a3a" className="TestProject1.SpriteTest, TestProject1, Version=1.0.0.0, Culture=neutral, PublicKeyToken=null" name="LoadContentTest" />
    </UnitTest>
    <UnitTest name="TestExit" storage="c:\users\asatou wagne\team18\team18\windowsgame1\testproject1\bin\debug\testproject1.dll" id="969bb499-574b-8e4f-11de-83ca9f95b5ea">
      <Execution id="3417af59-bec7-4e08-8346-7d138dbce9c7" />
      <TestMethod codeBase="C:/Users/asatou wagne/Team18/Team18/WindowsGame1/TestProject1/bin/Debug/TestProject1.DLL" adapterTypeName="Microsoft.VisualStudio.TestTools.TestTypes.Unit.UnitTestAdapter, Microsoft.VisualStudio.QualityTools.Tips.UnitTest.Adapter, Version=10.0.0.0, Culture=neutral, PublicKeyToken=b03f5f7f11d50a3a" className="WindowsGame1.ButtonTest, TestProject1, Version=1.0.0.0, Culture=neutral, PublicKeyToken=null" name="TestExit" />
    </UnitTest>
    <UnitTest name="updatePosTest" storage="c:\users\asatou wagne\team18\team18\windowsgame1\testproject1\bin\debug\testproject1.dll" id="9c9d7cd7-3b69-f943-f4fd-f6874a165428">
      <Execution id="ba3e8e3d-cd14-410c-93df-59bed0bedfbf" />
      <TestMethod codeBase="C:/Users/asatou wagne/Team18/Team18/WindowsGame1/TestProject1/bin/Debug/TestProject1.DLL" adapterTypeName="Microsoft.VisualStudio.TestTools.TestTypes.Unit.UnitTestAdapter, Microsoft.VisualStudio.QualityTools.Tips.UnitTest.Adapter, Version=10.0.0.0, Culture=neutral, PublicKeyToken=b03f5f7f11d50a3a" className="TestProject1.SpriteTest, TestProject1, Version=1.0.0.0, Culture=neutral, PublicKeyToken=null" name="updatePosTest" />
    </UnitTest>
  </TestDefinitions>
  <TestLists>
    <TestList name="Results Not in a List" id="8c84fa94-04c1-424b-9868-57a2d4851a1d" />
    <TestList name="All Loaded Results" id="19431567-8539-422a-85d7-44ee4e166bda" />
  </TestLists>
  <TestEntries>
    <TestEntry testId="160abda5-5823-8eb7-c2b9-6be23a26d358" executionId="f59f090a-76f5-47dd-a454-5b65c408891f" testListId="8c84fa94-04c1-424b-9868-57a2d4851a1d" />
    <TestEntry testId="6db6a230-86db-58d1-25ff-b0299bdaf50e" executionId="18118a63-45f1-4a02-9c1e-b655a201e362" testListId="8c84fa94-04c1-424b-9868-57a2d4851a1d" />
    <TestEntry testId="969bb499-574b-8e4f-11de-83ca9f95b5ea" executionId="3417af59-bec7-4e08-8346-7d138dbce9c7" testListId="8c84fa94-04c1-424b-9868-57a2d4851a1d" />
    <TestEntry testId="9c9d7cd7-3b69-f943-f4fd-f6874a165428" executionId="ba3e8e3d-cd14-410c-93df-59bed0bedfbf" testListId="8c84fa94-04c1-424b-9868-57a2d4851a1d" />
    <TestEntry testId="a3a98f54-c32c-46a8-fe63-010bfbf84c0d" executionId="5f394b47-c5b8-4604-842d-f0818d97556f" testListId="8c84fa94-04c1-424b-9868-57a2d4851a1d" />
    <TestEntry testId="ad7d9037-7d6d-bb37-b6b5-3c811f22160d" executionId="9b834929-dfe4-4af7-a6b5-063b272f81ec" testListId="8c84fa94-04c1-424b-9868-57a2d4851a1d" />
    <TestEntry testId="c19f6492-facf-a78f-c74f-23ef0801c973" executionId="5df5e2c7-abf1-42f1-93ce-d603a81285b4" testListId="8c84fa94-04c1-424b-9868-57a2d4851a1d" />
    <TestEntry testId="c28a5beb-6866-418f-e106-1ab8c1ad2233" executionId="822ab624-9caa-4f22-b17b-1b670aef4adb" testListId="8c84fa94-04c1-424b-9868-57a2d4851a1d" />
    <TestEntry testId="ede66986-9f00-6c84-2a2c-4bcd1205cc54" executionId="cd107f13-6006-4b9f-af96-652cfbbcbd37" testListId="8c84fa94-04c1-424b-9868-57a2d4851a1d" />
  </TestEntries>
  <Results>
    <UnitTestResult executionId="f59f090a-76f5-47dd-a454-5b65c408891f" testId="160abda5-5823-8eb7-c2b9-6be23a26d358" testName="TestPlay" computerName="DANIEL" duration="00:00:00.0221388" startTime="2012-02-28T15:04:47.4584175-06:00" endTime="2012-02-28T15:04:47.7764357-06:00" testType="13cdc9d9-ddb5-4fa4-a97d-d965ccfc6d4b" outcome="Passed" testListId="8c84fa94-04c1-424b-9868-57a2d4851a1d" relativeResultsDirectory="f59f090a-76f5-47dd-a454-5b65c408891f">
    </UnitTestResult>
    <UnitTestResult executionId="18118a63-45f1-4a02-9c1e-b655a201e362" testId="6db6a230-86db-58d1-25ff-b0299bdaf50e" testName="ScaleTest" computerName="DANIEL" duration="00:00:00.0652364" startTime="2012-02-28T15:04:47.7864363-06:00" endTime="2012-02-28T15:04:47.8724412-06:00" testType="13cdc9d9-ddb5-4fa4-a97d-d965ccfc6d4b" outcome="Failed" testListId="8c84fa94-04c1-424b-9868-57a2d4851a1d" relativeResultsDirectory="18118a63-45f1-4a02-9c1e-b655a201e362">
      <Output>
        <ErrorInfo>
          <Message>Test method TestProject1.SpriteTest.ScaleTest threw exception: 
System.NullReferenceException: Object reference not set to an instance of an object.</Message>
          <StackTrace>    at WindowsGame1.Sprite.set_Scale(Single value) in C:\Users\asatou wagne\Team18\Team18\WindowsGame1\WindowsGame1\WindowsGame1\Sprite.cs:line 40
   at TestProject1.SpriteTest.ScaleTest() in C:\Users\asatou wagne\Team18\Team18\WindowsGame1\TestProject1\SpriteTest.cs:line 152
</StackTrace>
        </ErrorInfo>
      </Output>
    </UnitTestResult>
    <UnitTestResult executionId="3417af59-bec7-4e08-8346-7d138dbce9c7" testId="969bb499-574b-8e4f-11de-83ca9f95b5ea" testName="TestExit" computerName="DANIEL" duration="00:00:00.0006750" startTime="2012-02-28T15:04:47.8874420-06:00" endTime="2012-02-28T15:04:47.9324446-06:00" testType="13cdc9d9-ddb5-4fa4-a97d-d965ccfc6d4b" outcome="Passed" testListId="8c84fa94-04c1-424b-9868-57a2d4851a1d" relativeResultsDirectory="3417af59-bec7-4e08-8346-7d138dbce9c7">
    </UnitTestResult>
    <UnitTestResult executionId="ba3e8e3d-cd14-410c-93df-59bed0bedfbf" testId="9c9d7cd7-3b69-f943-f4fd-f6874a165428" testName="updatePosTest" computerName="DANIEL" duration="00:00:00.0057560" startTime="2012-02-28T15:04:47.9464454-06:00" endTime="2012-02-28T15:04:47.9694467-06:00" testType="13cdc9d9-ddb5-4fa4-a97d-d965ccfc6d4b" outcome="Inconclusive" testListId="8c84fa94-04c1-424b-9868-57a2d4851a1d" relativeResultsDirectory="ba3e8e3d-cd14-410c-93df-59bed0bedfbf">
      <Output>
        <ErrorInfo>
          <Message>Assert.Inconclusive failed. A method that does not return a value cannot be verified.</Message>
          <StackTrace>   at TestProject1.SpriteTest.updatePosTest() in C:\Users\asatou wagne\Team18\Team18\WindowsGame1\TestProject1\SpriteTest.cs:line 140
</StackTrace>
        </ErrorInfo>
      </Output>
    </UnitTestResult>
    <UnitTestResult executionId="5f394b47-c5b8-4604-842d-f0818d97556f" testId="a3a98f54-c32c-46a8-fe63-010bfbf84c0d" testName="DrawTest" computerName="DANIEL" duration="00:00:00.0032253" startTime="2012-02-28T15:04:47.9824475-06:00" endTime="2012-02-28T15:04:48.0034487-06:00" testType="13cdc9d9-ddb5-4fa4-a97d-d965ccfc6d4b" outcome="Failed" testListId="8c84fa94-04c1-424b-9868-57a2d4851a1d" relativeResultsDirectory="5f394b47-c5b8-4604-842d-f0818d97556f">
      <Output>
        <ErrorInfo>
          <Message>Test method TestProject1.SpriteTest.DrawTest threw exception: 
System.NullReferenceException: Object reference not set to an instance of an object.</Message>
          <StackTrace>    at WindowsGame1.Sprite.Draw(SpriteBatch theSpriteBatch) in C:\Users\asatou wagne\Team18\Team18\WindowsGame1\WindowsGame1\WindowsGame1\Sprite.cs:line 61
   at TestProject1.SpriteTest.DrawTest() in C:\Users\asatou wagne\Team18\Team18\WindowsGame1\TestProject1\SpriteTest.cs:line 88
</StackTrace>
        </ErrorInfo>
      </Output>
    </UnitTestResult>
    <UnitTestResult executionId="9b834929-dfe4-4af7-a6b5-063b272f81ec" testId="ad7d9037-7d6d-bb37-b6b5-3c811f22160d" testName="LoadContentTest" computerName="DANIEL" duration="00:00:00.0033631" startTime="2012-02-28T15:04:48.0094490-06:00" endTime="2012-02-28T15:04:48.0264500-06:00" testType="13cdc9d9-ddb5-4fa4-a97d-d965ccfc6d4b" outcome="Failed" testListId="8c84fa94-04c1-424b-9868-57a2d4851a1d" relativeResultsDirectory="9b834929-dfe4-4af7-a6b5-063b272f81ec">
      <Output>
        <ErrorInfo>
          <Message>Test method TestProject1.SpriteTest.LoadContentTest threw exception: 
System.NullReferenceException: Object reference not set to an instance of an object.</Message>
          <StackTrace>    at WindowsGame1.Sprite.LoadContent(ContentManager theContentManager, String theAssetName) in C:\Users\asatou wagne\Team18\Team18\WindowsGame1\WindowsGame1\WindowsGame1\Sprite.cs:line 47
   at TestProject1.SpriteTest.LoadContentTest() in C:\Users\asatou wagne\Team18\Team18\WindowsGame1\TestProject1\SpriteTest.cs:line 101
</StackTrace>
        </ErrorInfo>
      </Output>
    </UnitTestResult>
    <UnitTestResult executionId="5df5e2c7-abf1-42f1-93ce-d603a81285b4" testId="c19f6492-facf-a78f-c74f-23ef0801c973" testName="UpdateTest" computerName="DANIEL" duration="00:00:00.0058137" startTime="2012-02-28T15:04:48.0314503-06:00" endTime="2012-02-28T15:04:48.0514514-06:00" testType="13cdc9d9-ddb5-4fa4-a97d-d965ccfc6d4b" outcome="Failed" testListId="8c84fa94-04c1-424b-9868-57a2d4851a1d" relativeResultsDirectory="5df5e2c7-abf1-42f1-93ce-d603a81285b4">
      <Output>
        <ErrorInfo>
          <Message>Test method TestProject1.SpriteTest.UpdateTest threw exception: 
System.NotImplementedException: The method or operation is not implemented.</Message>
          <StackTrace>    at WindowsGame1.Sprite.Update(GameTime gameTime) in C:\Users\asatou wagne\Team18\Team18\WindowsGame1\WindowsGame1\WindowsGame1\Sprite.cs:line 72
   at TestProject1.SpriteTest.UpdateTest() in C:\Users\asatou wagne\Team18\Team18\WindowsGame1\TestProject1\SpriteTest.cs:line 113
</StackTrace>
        </ErrorInfo>
      </Output>
    </UnitTestResult>
    <UnitTestResult executionId="822ab624-9caa-4f22-b17b-1b670aef4adb" testId="c28a5beb-6866-418f-e106-1ab8c1ad2233" testName="UpdateTest1" computerName="DANIEL" duration="00:00:00.0049655" startTime="2012-02-28T15:04:48.0544516-06:00" endTime="2012-02-28T15:04:48.0684524-06:00" testType="13cdc9d9-ddb5-4fa4-a97d-d965ccfc6d4b" outcome="Failed" testListId="8c84fa94-04c1-424b-9868-57a2d4851a1d" relativeResultsDirectory="822ab624-9caa-4f22-b17b-1b670aef4adb">
      <Output>
        <ErrorInfo>
          <Message>Test method TestProject1.SpriteTest.UpdateTest1 threw exception: 
System.NullReferenceException: Object reference not set to an instance of an object.</Message>
          <StackTrace>    at WindowsGame1.Sprite.Update(GameTime theGameTime, Vector2 theSpeed, Vector2 theDirection) in C:\Users\asatou wagne\Team18\Team18\WindowsGame1\WindowsGame1\WindowsGame1\Sprite.cs:line 55
   at TestProject1.SpriteTest.UpdateTest1() in C:\Users\asatou wagne\Team18\Team18\WindowsGame1\TestProject1\SpriteTest.cs:line 127
</StackTrace>
        </ErrorInfo>
      </Output>
    </UnitTestResult>
    <UnitTestResult executionId="cd107f13-6006-4b9f-af96-652cfbbcbd37" testId="ede66986-9f00-6c84-2a2c-4bcd1205cc54" testName="SpriteConstructorTest" computerName="DANIEL" duration="00:00:00.0011125" startTime="2012-02-28T15:04:48.0724526-06:00" endTime="2012-02-28T15:04:48.0884535-06:00" testType="13cdc9d9-ddb5-4fa4-a97d-d965ccfc6d4b" outcome="Inconclusive" testListId="8c84fa94-04c1-424b-9868-57a2d4851a1d" relativeResultsDirectory="cd107f13-6006-4b9f-af96-652cfbbcbd37">
      <Output>
        <ErrorInfo>
          <Message>Assert.Inconclusive failed. TODO: Implement code to verify target</Message>
          <StackTrace>   at TestProject1.SpriteTest.SpriteConstructorTest() in C:\Users\asatou wagne\Team18\Team18\WindowsGame1\TestProject1\SpriteTest.cs:line 77
</StackTrace>
        </ErrorInfo>
      </Output>
    </UnitTestResult>
  </Results>
</TestRun>