<?xml version="1.0" encoding="utf-8" standalone="no"?>
<!--This file represents the results of running a test suite-->
<test-results name="C:\Users\asatou wagne\Team18\Team18\WindowsGame1\WindowsGame1\WindowsGame1\bin\x86\Debug\WindowsGame1.exe" total="5" errors="0" failures="0" not-run="0" inconclusive="0" ignored="0" skipped="0" invalid="0" date="2012-02-20" time="16:51:39">
  <environment nunit-version="2.6.0.12035" clr-version="2.0.50727.5448" os-version="Microsoft Windows NT 6.1.7601 Service Pack 1" platform="Win32NT" cwd="C:\Users\asatou wagne\Team18\Team18\WindowsGame1\WindowsGame1\WindowsGame1\bin\x86\Debug" machine-name="DANIEL" user="asatou wagne" user-domain="DANIEL" />
  <culture-info current-culture="fr-FR" current-uiculture="en-US" />
  <test-suite type="Assembly" name="C:\Users\asatou wagne\Team18\Team18\WindowsGame1\WindowsGame1\WindowsGame1\bin\x86\Debug\WindowsGame1.exe" executed="True" result="Success" success="True" time="0.847" asserts="0">
    <results>
      <test-suite type="Namespace" name="WindowsGame1" executed="True" result="Success" success="True" time="0.837" asserts="0">
        <results>
          <test-suite type="TestFixture" name="Test_Class" executed="True" result="Success" success="True" time="0.835" asserts="0">
            <results>
              <test-case name="WindowsGame1.Test_Class.Test_Character" executed="True" result="Success" success="True" time="0.063" asserts="0" />
              <test-case name="WindowsGame1.Test_Class.Test_Game1" executed="True" result="Success" success="True" time="0.720" asserts="0" />
              <test-case name="WindowsGame1.Test_Class.Test_Main" executed="True" result="Success" success="True" time="0.000" asserts="0" />
              <test-case name="WindowsGame1.Test_Class.Test_Program" executed="True" result="Success" success="True" time="0.001" asserts="0" />
              <test-case name="WindowsGame1.Test_Class.Test_Sprite" executed="True" result="Success" success="True" time="0.001" asserts="0" />
            </results>
          </test-suite>
        </results>
      </test-suite>
    </results>
  </test-suite>
</test-results>